<?xml version="1.0" encoding="UTF-8"?>
<!-- Generated by org.testng.reporters.JUnitReportReporter -->
<testsuite skipped="0" hostname="Paul" name="testrunners.CreateJob" tests="1" failures="0" timestamp="21 Oct 2022 16:02:42 GMT" time="214.492" errors="0">
  <testcase name="feature" time="214.492" classname="testrunners.CreateJob"/>
</testsuite> <!-- testrunners.CreateJob -->
